Glass-Bluetooth/app/build/intermediates/manifest_merge_blame_file/debug/manifest-merger-blame-debug-report.txt
1<?xml version="1.0" encoding="utf-8"?>
2<manifest xmlns:android="http://schemas.android.com/apk/res/android"
3    package="com.example.myapplication"
4    android:versionCode="1"
5    android:versionName="1.0" >
6
7    <uses-sdk
8        android:minSdkVersion="19"
8-->src\main\AndroidManifest.xml
9        android:targetSdkVersion="29" />
9-->src\main\AndroidManifest.xml
10
11    <uses-permission android:name="android.permission.BLUETOOTH" />
11-->src\main\AndroidManifest.xml:6:5-68
11-->src\main\AndroidManifest.xml:6:22-65
12
13    <users-permission android:name="android.permission.BLUETOOTH_ADMIN" />
13-->src\main\AndroidManifest.xml:7:5-75
13-->src\main\AndroidManifest.xml:7:23-72
14
15    <uses-permission android:name="android.permission.BLUETOOTH_ADMIN" />
15-->src\main\AndroidManifest.xml:8:5-74
15-->src\main\AndroidManifest.xml:8:22-71
16
17    <application
17-->src\main\AndroidManifest.xml:9:5-25:19
18        android:allowBackup="true"
18-->src\main\AndroidManifest.xml:10:9-35
19        android:appComponentFactory="androidx.core.app.CoreComponentFactory"
19-->[androidx.core:core:1.0.1] AndroidManifest.xml:22:18-86
20        android:debuggable="true"
21        android:icon="@mipmap/ic_launcher"
21-->src\main\AndroidManifest.xml:11:9-43
22        android:label="@string/app_name"
22-->src\main\AndroidManifest.xml:12:9-41
23        android:supportsRtl="true"
23-->src\main\AndroidManifest.xml:13:9-35
24        android:theme="@style/AppTheme" >
24-->src\main\AndroidManifest.xml:14:9-40
25        <activity
25-->src\main\AndroidManifest.xml:16:9-19:20
26            android:name="com.example.myapplication.BluetoothClient"
26-->src\main\AndroidManifest.xml:17:13-69
27            android:enabled="true" >
27-->src\main\AndroidManifest.xml:18:13-35
28        </activity>
29        <activity
29-->src\main\AndroidManifest.xml:20:9-23:57
30            android:name="com.example.myapplication.BluetoothServer"
30-->src\main\AndroidManifest.xml:21:13-69
31            android:enabled="true"
31-->src\main\AndroidManifest.xml:22:13-35
32            android:label="@string/app_name" />
32-->src\main\AndroidManifest.xml:23:13-45
33    </application>
34
35</manifest>